[33m[nodemon] 1.11.0[39m
[33m[nodemon] to restart at any time, enter `rs`[39m
[33m[nodemon] watching: *.*[39m
[32m[nodemon] starting `node app.js`[39m
[31m[nodemon] app crashed - waiting for file changes before starting...[39m
[32m[nodemon] restarting due to changes...[39m
[32m[nodemon] starting `node app.js`[39m
[31m[nodemon] app crashed - waiting for file changes before starting...[39m
[32m[nodemon] restarting due to changes...[39m
[32m[nodemon] starting `node app.js`[39m
Express server listening on port 3000
[0mOPTIONS /ua/58835d960691ca243fc9e66e [32m204 [0m9.442 ms - -[0m
[0mGET /ua/58835d960691ca243fc9e66e [36m304 [0m80.974 ms - -[0m
[0mOPTIONS /vote/58835d960691ca243fc9e66e [32m204 [0m1.934 ms - -[0m
[0mGET /vote/58835d960691ca243fc9e66e [36m304 [0m69.099 ms - -[0m
[0mOPTIONS /ua/get/geo?map=%5B%5B-3.467087745666504,48.755028754152264%5D,%5B-3.428077697753906,48.736153631405905%5D%5D [32m204 [0m1.512 ms - -[0m
[0mGET /ua/get/geo?map=%5B%5B-3.467087745666504,48.755028754152264%5D,%5B-3.428077697753906,48.736153631405905%5D%5D [32m200 [0m23.783 ms - 42[0m
[0mOPTIONS /ua/get/mine [32m204 [0m0.856 ms - -[0m
[0mGET /ua/get/mine [36m304 [0m164.944 ms - -[0m
[0mOPTIONS /ua/get/favorite?map=%5B%5B-3.467087745666504,48.755028754152264%5D,%5B-3.428077697753906,48.736153631405905%5D%5D [32m204 [0m0.321 ms - -[0m
[0mOPTIONS /ua/58835d960691ca243fc9e66e [32m204 [0m0.475 ms - -[0m
[0mGET /ua/get/favorite?map=%5B%5B-3.467087745666504,48.755028754152264%5D,%5B-3.428077697753906,48.736153631405905%5D%5D [32m200 [0m171.751 ms - -[0m
[0mGET /ua/58835d960691ca243fc9e66e [36m304 [32m[nodemon] restarting due to changes...[39m
[32m[nodemon] starting `node app.js`[39m
[32m[nodemon] restarting due to changes...[39m
[32m[nodemon] starting `node app.js`[39m
[31m[nodemon] app crashed - waiting for file changes before starting...[39m
[32m[nodemon] restarting due to changes...[39m
[32m[nodemon] starting `node app.js`[39m
[31m[nodemon] app crashed - waiting for file changes before starting...[39m
[32m[nodemon] restarting due to changes...[39m
[32m[nodemon] starting `node app.js`[39m
[32m[nodemon] restarting due to changes...[39m
[32m[nodemon] starting `node app.js`[39m
[32m[nodemon] restarting due to changes...[39m
[32m[nodemon] starting `node app.js`[39m
[31m[nodemon] app crashed - waiting for file changes before starting...[39m
[32m[nodemon] restarting due to changes...[39m
[32m[nodemon] starting `node app.js`[39m
[31m[nodemon] app crashed - waiting for file changes before starting...[39m
[32m[nodemon] restarting due to changes...[39m
[32m[nodemon] starting `node app.js`[39m
[31m[nodemon] app crashed - waiting for file changes before starting...[39m
[32m[nodemon] restarting due to changes...[39m
[32m[nodemon] starting `node app.js`[39m
Express server listening on port 3000
[0mGET /static/rjbxlbdv1486050695027.jpg [36m304 [0m109.498 ms - -[0m
[0mOPTIONS /ua/get/geo?map=%5B%5B-3.495626449584961,48.74820962523696%5D,%5B-3.4258460998535156,48.710447166883384%5D%5D [32m204 [0m41.941 ms - -[0m
[0mGET /ua/get/geo?map=%5B%5B-3.495626449584961,48.74820962523696%5D,%5B-3.4258460998535156,48.710447166883384%5D%5D [32m200 [0m423.710 ms - -[0m
[0mOPTIONS /ua/58835d960691ca243fc9e66e [32m204 [0m1.135 ms - -[0m
[0mGET /ua/58835d960691ca243fc9e66e [36m304 [0m30.224 ms - -[0m
[0mOPTIONS /vote/58835d960691ca243fc9e66e [32m204 [0m1.068 ms - -[0m
null
[0mGET /vote/58835d960691ca243fc9e66e [31m500 [0m111.145 ms - 11[0m
[32m[nodemon] restarting due to changes...[39m
[32m[nodemon] starting `node app.js`[39m
Express server listening on port 3000
[0mGET /static/rjbxlbdv1486050695027.jpg [36m304 [0m119.176 ms - -[0m
[0mOPTIONS /ua/get/geo?map=%5B%5B-3.495540618896484,48.74820962523696%5D,%5B-3.425760269165039,48.710447166883384%5D%5D [32m204 [0m24.683 ms - -[0m
[0mGET /ua/get/geo?map=%5B%5B-3.495540618896484,48.74820962523696%5D,%5B-3.425760269165039,48.710447166883384%5D%5D [32m200 [0m500.650 ms - -[0m
[0mOPTIONS /ua/58835d960691ca243fc9e66e [32m204 [0m0.914 ms - -[0m
[0mGET /ua/58835d960691ca243fc9e66e [36m304 [0m29.863 ms - -[0m
[0mOPTIONS /vote/58835d960691ca243fc9e66e [32m204 [0m0.994 ms - -[0m
{ _id: 58835d960691ca243fc9e66e,
  updatedAt: 2017-02-03T08:49:47.294Z,
  createdAt: 2017-01-21T13:09:42.414Z,
  title: 'Test',
  description: '<p>Bonjour</p>',
  deleted: false,
  owner: 58835d7f0691ca243fc9e66d,
  private: false,
  __v: 0,
  vote: 
   [ 58943ff578a9675af0e48f21,
     589443e76134846002cd57dc,
     5894442b6134846002cd57dd ],
  location: { geometries: [ [Object] ], type: 'GeometryCollection' } }
[0mGET /vote/58835d960691ca243fc9e66e [32m200 [0m267.718 ms - 101[0m
[32m[nodemon] restarting due to changes...[39m
[32m[nodemon] starting `node app.js`[39m
[31m[nodemon] app crashed - waiting for file changes before starting...[39m
[32m[nodemon] restarting due to changes...[39m
[32m[nodemon] starting `node app.js`[39m
Express server listening on port 3000
[0mOPTIONS /ua/vote/58835d960691ca243fc9e66e [32m204 [0m18.176 ms - -[0m
[0mPOST /ua/vote/58835d960691ca243fc9e66e [32m200 [0m330.191 ms - 640[0m
[0mPOST /ua/vote/58835d960691ca243fc9e66e [32m200 [0m144.411 ms - 21[0m
[32m[nodemon] restarting due to changes...[39m
[32m[nodemon] starting `node app.js`[39m
Express server listening on port 3000
[32m[nodemon] restarting due to changes...[39m
[32m[nodemon] starting `node app.js`[39m
Express server listening on port 3000
[32m[nodemon] restarting due to changes...[39m
[32m[nodemon] starting `node app.js`[39m
Express server listening on port 3000
[0mGET /static/rjbxlbdv1486050695027.jpg [36m304 [0m68.227 ms - -[0m
[0mOPTIONS /ua/get/geo?map=%5B%5B-3.4890174865722656,48.748153031083405%5D,%5B-3.4325408935546875,48.710390530212294%5D%5D [32m204 [0m37.389 ms - -[0m
[0mGET /ua/get/geo?map=%5B%5B-3.4890174865722656,48.748153031083405%5D,%5B-3.4325408935546875,48.710390530212294%5D%5D [32m200 [0m284.042 ms - -[0m
[0mOPTIONS /ua/58835d960691ca243fc9e66e [32m204 [0m1.076 ms - -[0m
[0mGET /ua/58835d960691ca243fc9e66e [32m200 [0m64.004 ms - 640[0m
[0mOPTIONS /vote/58835d960691ca243fc9e66e [32m204 [0m1.136 ms - -[0m
871354686%5D,%5B-3.453226089477539,48.72018772585415%5D%5D [36m304 [0m43.298 ms - -[0m
[0mOPTIONS /ua/get/geo?map=%5B%5B-3.5248088836669917,48.75862186467174%5D,%5B-3.446788787841797,48.720867229358085%5D%5D [32m204 [0m0.419 ms - -[0m
[0mGET /ua/get/geo?map=%5B%5B-3.5248088836669917,48.75862186467174%5D,%5B-3.446788787841797,48.720867229358085%5D%5D [32m200 [0m23.213 ms - -[0m
[0mOPTIONS /ua/get/geo?map=%5B%5B-3.5297012329101562,48.760432468647195%5D,%5B-3.4516811370849605,48.72267919382413%5D%5D [32m204 [0m2.025 ms - -[0m
[0mGET /ua/get/geo?map=%5B%5B-3.5297012329101562,48.760432468647195%5D,%5B-3.4516811370849605,48.72267919382413%5D%5D [32m200 [0m19.149 ms - -[0m
[0mOPTIONS /ua/get/geo?map=%5B%5B-3.5296154022216797,48.76037588826086%5D,%5B-3.4515953063964844,48.722622570922624%5D%5D [32m204 [0m0.675 ms - -[0m
[0mGET /ua/get/geo?map=%5B%5B-3.5296154022216797,48.76037588826086%5D,%5B-3.4515953063964844,48.722622570922624%5D%5D [32m200 [0m19.388 ms - -[0m
[0mOPTIONS /ua/58835d960691ca243fc9e66e [32m204 [0m0.365 ms - -[0m
[0mOPTIONS /ua/get/favorite?map=%5B%5B-3.5296154022216797,48.76037588826086%5D,%5B-3.4515953063964844,48.722622570922624%5D%5D [32m204 [0m0.312 ms - -[0m
[0mGET /ua/58835d960691ca243fc9e66e [36m304 [0m28.739 ms - -[0m
[0mOPTIONS /user/58835d7f0691ca243fc9e66d [32m204 [0m0.301 ms - -[0m
[0mGET /ua/get/favorite?map=%5B%5B-3.5296154022216797,48.76037588826086%5D,%5B-3.4515953063964844,48.722622570922624%5D%5D [32m200 [0m149.048 ms - -[0m
[0mGET /user/58835d7f0691ca243fc9e66d [36m304 [0m11.700 ms - -[0m
[0mGET /ua/get/geo?map=%5B%5B-3.5296154022216797,48.76037588826086%5D,%5B-3.4515953063964844,48.722622570922624%5D%5D [36m304 [0m43.103 ms - -[0m
[0mOPTIONS /ua/get/geo?map=%5B%5B-3.527684211730957,48.75797116292614%5D,%5B-3.4886741638183594,48.73909714554591%5D%5D [32m204 [0m0.348 ms - -[0m
[0mGET /ua/get/geo?map=%5B%5B-3.527684211730957,48.75797116292614%5D,%5B-3.4886741638183594,48.73909714554591%5D%5D [32m200 [0m50.137 ms - -[0m
[0mOPTIONS /ua/get/geo?map=%5B%5B-3.5296154022216797,48.76037588826086%5D,%5B-3.4515953063964844,48.722622570922624%5D%5D [32m204 [0m0.343 ms - -[0m
[0mGET /ua/get/geo?map=%5B%5B-3.5296154022216797,48.76037588826086%5D,%5B-3.4515953063964844,48.722622570922624%5D%5D [36m304 [0m33.083 ms - -[0m
[0mOPTIONS /ua/get/geo?map=%5B%5B-3.533477783203125,48.765128418532996%5D,%5B-3.3774375915527344,48.68960056688%5D%5D [32m204 [0m0.348 ms - -[0m
[0mGET /ua/get/geo?map=%5B%5B-3.533477783203125,48.765128418532996%5D,%5B-3.3774375915527344,48.68960056688%5D%5D [32m200 [0m16.482 ms - -[0m
[0mOPTIONS /ua/get/mine [32m204 [0m0.331 ms - -[0m
[0mGET /ua/get/mine [36m304 [0m35.924 ms - -[0m
[0mOPTIONS /ua/58835d960691ca243fc9e66e [32m204 [0m0.288 ms - -[0m
[0mOPTIONS /ua/get/favorite?map=%5B%5B-3.533477783203125,48.765128418532996%5D,%5B-3.3774375915527344,48.68960056688%5D%5D [32m204 [0m0.281 ms - -[0m
[0mGET /ua/58835d960691ca243fc9e66e [36m304 [0m15.285 ms - -[0m
[0mOPTIONS /user/58835d7f0691ca243fc9e66d [32m204 [0m0.342 ms - -[0m
[0mGET /user/58835d7f0691ca243fc9e66d [36m304 [0m37.256 ms - -[0m
[0mGET /ua/get/favorite?map=%5B%5B-3.533477783203125,48.765128418532996%5D,%5B-3.3774375915527344,48.68960056688%5D%5D [32m200 [0m95.097 ms - -[0m
[0mOPTIONS /ua/get/mine [32m204 [0m0.332 ms - -[0m
[0mGET /ua/get/mine [36m304 [0m30.729 ms - -[0m
[0mGET /ua/58835d960691ca243fc9e66e [36m304 [0m5.520 ms - -[0m
[0mGET /ua/get/favorite?map=%5B%5B-3.533477783203125,48.765128418532996%5D,%5B-3.3774375915527344,48.68960056688%5D%5D [36m304 [0m67.414 ms - -[0m
[0mGET /user/58835d7f0691ca243fc9e66d [36m304 [0m7.673 ms - -[0m
[0mGET /ua/get/mine [36m304 [0m37.081 ms - -[0m
[0mOPTIONS /ua/58835d960691ca243fc9e66e [32m204 [0m0.378 ms - -[0m
[0mOPTIONS /ua/get/favorite?map=%5B%5B-3.533477783203125,48.765128418532996%5D,%5B-3.3774375915527344,48.68960056688%5D%5D [32m204 [0m0.291 ms - -[0m
[0mGET /ua/58835d960691ca243fc9e66e [36m304 [0m20.098 ms - -[0m
[0mOPTIONS /user/58835d7f0691ca243fc9e66d [32m204 [0m1.537 ms - -[0m
[0mGET /ua/get/favorite?map=%5B%5B-3.533477783203125,48.765128418532996%5D,%5B-3.3774375915527344,48.68960056688%5D%5D [36m304 [0m128.287 ms - -[0m
[0mGET /user/58835d7f0691ca243fc9e66d [36m304 [0m37.020 ms - -[0m
[0mOPTIONS /ua/get/mine [32m204 [0m0.290 ms - -[0m
[0mGET /ua/get/mine [36m304 [0m31.533 ms - -[0m
[0mGET /ua/58835d960691ca243fc9e66e [36m304 [0m10.373 ms - -[0m
[0mGET /ua/get/favorite?map=%5B%5B-3.533477783203125,48.765128418532996%5D,%5B-3.3774375915527344,48.68960056688%5D%5D [36m304 [0m71.102 ms - -[0m
[0mGET /user/58835d7f0691ca243fc9e66d [36m304 [0m23.754 ms - -[0m
[0mGET /ua/get/mine [36m304 [0m53.830 ms - -[0m
[0mGET /ua/get/geo?map=%5B%5B-3.533477783203125,48.765128418532996%5D,%5B-3.3774375915527344,48.68960056688%5D%5D [32m200 [0m43.220 ms - -[0m
[0mGET /ua/58835d960691ca243fc9e66e [36m304 [0m4.241 ms - -[0m
[0mGET /vote/58835d960691ca243fc9e66e [31m500 [0m0.739 ms - 59[0m
[0mOPTIONS /user/login/facebook [32m204 [0m0.309 ms - -[0m
[0mPOST /user/login/facebook [32m200 [0m569.863 ms - -[0m
[0mOPTIONS /ua/get/geo?map=%5B%5B-3.533477783203125,48.765128418532996%5D,%5B-3.3774375915527344,48.68960056688%5D%5D [32m204 [0m0.673 ms - -[0m
[0mGET /static/rjbxlbdv1486050695027.jpg [36m304 [0m28.309 ms - -[0m
[0mGET /ua/get/geo?map=%5B%5B-3.533477783203125,48.765128418532996%5D,%5B-3.3774375915527344,48.68960056688%5D%5D [32m200 [0m26.762 ms - -[0m
[0mOPTIONS /ua/get/mine [32m204 [0m0.376 ms - -[0m
[0mGET /ua/get/mine [36m304 [0m28.586 ms - -[0m
[0mOPTIONS /ua/58835d960691ca243fc9e66e [32m204 [0m0.339 ms - -[0m
[0mOPTIONS /ua/get/favorite?map=%5B%5B-3.533477783203125,48.765128418532996%5D,%5B-3.3774375915527344,48.68960056688%5D%5D [32m204 [0m0.359 ms - -[0m
[0mGET /ua/58835d960691ca243fc9e66e [36m304 [0m18.648 ms - -[0m
[0mOPTIONS /user/58835d7f0691ca243fc9e66d [32m204 [0m3.422 ms - -[0m
[0mGET /ua/get/favorite?map=%5B%5B-3.533477783203125,48.765128418532996%5D,%5B-3.3774375915527344,48.68960056688%5D%5D [36m304 [0m112.993 ms - -[0m
[0mGET /user/58835d7f0691ca243fc9e66d [36m304 [0m21.042 ms - -[0m
[0mOPTIONS /ua/get/mine [32m204 [0m0.359 ms - -[0m
[0mGET /ua/get/mine [36m304 [0m32.213 ms - -[0m
[0mOPTIONS /ua/58835d960691ca243fc9e66e [32m204 [0m0.453 ms - -[0m
[0mOPTIONS /ua/get/favorite?map=%5B%5B-3.533477783203125,48.765128418532996%5D,%5B-3.3774375915527344,48.68960056688%5D%5D [32m204 [0m0.303 ms - -[0m
[0mGET /ua/58835d960691ca243fc9e66e [36m304 [0m5.972 ms - -[0m
[0mOPTIONS /user/58835d7f0691ca243fc9e66d [32m204 [0m0.367 ms - -[0m
[0mGET /ua/get/favorite?map=%5B%5B-3.533477783203125,48.765128418532996%5D,%5B-3.3774375915527344,48.68960056688%5D%5D [36m304 [0m129.119 ms - -[0m
[0mGET /user/58835d7f0691ca243fc9e66d [36m304 [0m24.544 ms - -[0m
[0mOPTIONS /ua/get/mine [32m204 [0m0.858 ms - -[0m
[0mGET /ua/get/mine [36m304 [0m46.136 ms - -[0m
[0mGET /ua/58835d960691ca243fc9e66e [36m304 [0m9.882 ms - -[0m
[0mGET /ua/get/favorite?map=%5B%5B-3.533477783203125,48.765128418532996%5D,%5B-3.3774375915527344,48.68960056688%5D%5D [36m304 [0m34.743 ms - -[0m
[0mGET /user/58835d7f0691ca243fc9e66d [36m304 [0m8.255 ms - -[0m
[0mOPTIONS /ua/get/geo?map=%5B%5B-3.533477783203125,48.765128418532996%5D,%5B-3.3774375915527344,48.68960056688%5D%5D [32m204 [0m0.321 ms - -[0m
[0mGET /ua/get/geo?map=%5B%5B-3.533477783203125,48.765128418532996%5D,%5B-3.3774375915527344,48.68960056688%5D%5D [36m304 [0m52.288 ms - -[0m
[0mOPTIONS /ua/get/mine [32m204 [0m0.316 ms - -[0m
[0mGET /ua/get/mine [36m304 [0m27.194 ms - -[0m
[0mGET /ua/get/mine [36m304 [0m51.524 ms - -[0m
[0mGET /ua/get/mine [36m304 [0m32.058 ms - -[0m
[0mOPTIONS /ua/get/mine [32m204 [0m0.281 ms - -[0m
[0mGET /ua/get/mine [36m304 [0m16.625 ms - -[0m
[0mGET /ua/get/mine [36m304 [0m16.253 ms - -[0m
[0mOPTIONS /ua/get/geo?map=%5B%5B-3.7071990966796875,48.90083790234091%5D,%5B-3.083038330078125,48.598862787704626%5D%5D [32m204 [0m0.365 ms - -[0m
[0mGET /ua/get/geo?map=%5B%5B-3.7071990966796875,48.90083790234091%5D,%5B-3.083038330078125,48.598862787704626%5D%5D [32m200 [0m74.189 ms - -[0m
[0mOPTIONS /ua/58835d960691ca243fc9e66e [32m204 [0m0.337 ms - -[0m
[0mGET /ua/58835d960691ca243fc9e66e [36m304 [0m4.790 ms - -[0m
[0mOPTIONS /vote/58835d960691ca243fc9e66e [32m204 [0m0.339 ms - -[0m
[0mGET /vote/58835d960691ca243fc9e66e [32m200 [0m17.553 ms - 22[0m
[0mOPTIONS /ua/vote/58835d960691ca243fc9e66e [32m204 [0m0.336 ms - -[0m
[0mPOST /ua/vote/58835d960691ca243fc9e66e [32m200 [0m28.617 ms - 21[0m
[0mPOST /ua/vote/58835d960691ca243fc9e66e [32m200 [0m46.645 ms - 21[0m
[0mOPTIONS /ua/58835d960691ca243fc9e66e [32m204 [0m0.441 ms - -[0m
[0mOPTIONS /ua/get/favorite?map=%5B%5B-3.7071990966796875,48.90083790234091%5D,%5B-3.083038330078125,48.598862787704626%5D%5D [32m204 [0m0.315 ms - -[0m
[0mGET /ua/58835d960691ca243fc9e66e [32m200 [0m28.324 ms - 559[0m
[0mOPTIONS /user/58835d7f0691ca243fc9e66d [32m204 [0m0.495 ms - -[0m
[0mGET /ua/get/favorite?map=%5B%5B-3.7071990966796875,48.90083790234091%5D,%5B-3.083038330078125,48.598862787704626%5D%5D [32m200 [0m61.440 ms - -[0m
[0mGET /user/58835d7f0691ca243fc9e66d [36m304 [0m8.409 ms - -[0m
[0mOPTIONS /ua/get/geo?map=%5B%5B-3.7071990966796875,48.90083790234091%5D,%5B-3.083038330078125,48.598862787704626%5D%5D [32m204 [0m0.363 ms - -[0m
[0mGET /ua/get/geo?map=%5B%5B-3.7071990966796875,48.90083790234091%5D,%5B-3.083038330078125,48.598862787704626%5D%5D [32m200 [0m70.235 ms - -[0m
[0mOPTIONS /ua/get/mine [32m204 [0m0.366 ms - -[0m
[0mGET /ua/get/mine [32m200 [0m70.173 ms - -[0m
[0mOPTIONS /ua/get/geo?map=%5B%5B-3.7071990966796875,48.90083790234091%5D,%5B-3.083038330078125,48.598862787704626%5D%5D [32m204 [0m0.361 ms - -[0m
[0mGET /ua/get/geo?map=%5B%5B-3.7071990966796875,48.90083790234091%5D,%5B-3.083038330078125,48.598862787704626%5D%5D [36m304 [0m23.230 ms - -[0m
[0mOPTIONS /ua/58835d960691ca243fc9e66e [32m204 [0m0.356 ms - -[0m
[0mGET /ua/58835d960691ca243fc9e66e [36m304 [0m4.852 ms - -[0m
[0mOPTIONS /vote/58835d960691ca243fc9e66e [32m204 [0m0.323 ms - -[0m
[0mGET /vote/58835d960691ca243fc9e66e [32m200 [0m16.105 ms - 22[0m
[0mGET /static/rjbxlbdv1486050695027.jpg [36m304 [0m2.139 ms - -[0m
[0mOPTIONS /ua/get/geo?map=%5B%5B-3.5153675079345703,48.74832281335284%5D,%5B-3.4060192108154297,48.71056044003432%5D%5D [32m204 [0m2.608 ms - -[0m
[0mGET /ua/get/geo?map=%5B%5B-3.5153675079345703,48.74832281335284%5D,%5B-3.4060192108154297,48.71056044003432%5D%5D [32m200 [0m26.968 ms - -[0m
[0mOPTIONS /ua/get/mine [32m204 [0m0.405 ms - -[0m
[0mGET /ua/get/mine [36m304 [0m25.999 ms - -[0m
[0mOPTIONS /ua/get/geo?map=%5B%5B-3.5153675079345703,48.74832281335284%5D,%5B-3.4060192108154297,48.71056044003432%5D%5D [32m204 [0m5.509 ms - -[0m
[0mGET /ua/get/geo?map=%5B%5B-3.5153675079345703,48.74832281335284%5D,%5B-3.4060192108154297,48.71056044003432%5D%5D [36m304 [0m98.090 ms - -[0m
[0mOPTIONS /user/create [32m204 [0m1.662 ms - -[0m
[0mPOST /user/create [32m200 [0m190.363 ms - -[0m
[0mOPTIONS /ua/get/geo?map=%5B%5B-3.5153675079345703,48.74832281335284%5D,%5B-3.4060192108154297,48.71056044003432%5D%5D [32m204 [0m0.920 ms - -[0m
[0mGET /ua/get/geo?map=%5B%5B-3.5153675079345703,48.74832281335284%5D,%5B-3.4060192108154297,48.71056044003432%5D%5D [32m200 [0m45.503 ms - -[0m
[0mOPTIONS /user/update/avatar [32m204 [0m3.355 ms - -[0m
[0mPOST /user/update/avatar [32m200 [0m72.019 ms - 342[0m
[0mGET /static/7bvckfgh1486111227527.jpg [32m200 [0m20.141 ms - 44465[0m
[32m[nodemon] restarting due to changes...[39m
[32m[nodemon] starting `node app.js`[39m
Express server listening on port 3000
[0mOPTIONS /ua/58835d960691ca243fc9e66e [32m204 [0m11.871 ms - -[0m
[0mGET /ua/58835d960691ca243fc9e66e [36m304 [0m78.428 ms - -[0m
[0mOPTIONS /vote/58835d960691ca243fc9e66e [32m204 [0m2.589 ms - -[0m
[0mGET /vote/58835d960691ca243fc9e66e [31m500 [0m34.743 ms - 11[0m
[0mOPTIONS /user/login/facebook [32m204 [0m1.283 ms - -[0m
[0mPOST /user/login/facebook [32m200 [0m530.888 ms - -[0m
[0mOPTIONS /ua/get/geo?map=%5B%5B-3.5153675079345703,48.74832281335284%5D,%5B-3.4060192108154297,48.71056044003432%5D%5D [32m204 [0m5.258 ms - -[0m
[0mGET /ua/get/geo?map=%5B%5B-3.5153675079345703,48.74832281335284%5D,%5B-3.4060192108154297,48.71056044003432%5D%5D [32m200 [0m146.230 ms - -[0m
[0mOPTIONS /ua/58835d960691ca243fc9e66e [32m204 [0m0.340 ms - -[0m
[0mGET /ua/58835d960691ca243fc9e66e [36m304 [0m78.076 ms - -[0m
[0mOPTIONS /vote/58835d960691ca243fc9e66e [32m204 [0m1.365 ms - -[0m
[0mGET /vote/58835d960691ca243fc9e66e [32m200 [0m97.016 ms - 22[0m
[0mOPTIONS /user/login [32m204 [0m4.336 ms - -[0m
[0mPOST /user/login [32m200 [0m127.308 ms - -[0m
[0mOPTIONS /ua/get/geo?map=%5B%5B-3.5153675079345703,48.74832281335284%5D,%5B-3.4060192108154297,48.71056044003432%5D%5D [32m204 [0m1.358 ms - -[0m
[0mGET /ua/get/geo?map=%5B%5B-3.5153675079345703,48.74832281335284%5D,%5B-3.4060192108154297,48.71056044003432%5D%5D [32m200 [0m60.976 ms - -[0m
[0mOPTIONS /ua/58835d960691ca243fc9e66e [32m204 [0m0.852 ms - -[0m
[0mGET /ua/58835d960691ca243fc9e66e [36m304 [0m81.725 ms - -[0m
[0mOPTIONS /vote/58835d960691ca243fc9e66e [32m204 [0m2.388 ms - -[0m
[0mGET /vote/58835d960691ca243fc9e66e [31m500 [0m21.209 ms - 11[0m
[0mOPTIONS /ua/vote/58835d960691ca243fc9e66e [32m204 [0m0.729 ms - -[0m
[0mPOST /ua/vote/58835d960691ca243fc9e66e [32m200 [0m90.580 ms - 586[0m
[0mOPTIONS /user/login/facebook [32m204 [0m1.158 ms - -[0m
[0mPOST /user/login/facebook [32m200 [0m338.051 ms - -[0m
[0mOPTIONS /ua/get/geo?map=%5B%5B-3.5153675079345703,48.74832281335284%5D,%5B-3.4060192108154297,48.71056044003432%5D%5D [32m204 [0m0.938 ms - -[0m
[0mGET /ua/get/geo?map=%5B%5B-3.5153675079345703,48.74832281335284%5D,%5B-3.4060192108154297,48.71056044003432%5D%5D [32m200 [0m64.025 ms - -[0m
[32m[nodemon] restarting due to changes...[39m
[32m[nodemon] starting `node app.js`[39m
Express server listening on port 3000
[0mOPTIONS /user/update/avatar [32m204 [0m23.064 ms - -[0m
[0mPOST /user/update/avatar [31m500 [0m180.545 ms - 33[0m
[32m[nodemon] restarting due to changes...[39m
[32m[nodemon] starting `node app.js`[39m
Express server listening on port 3000
[32m[nodemon] restarting due to changes...[39m
[32m[nodemon] restarting due to changes...[39m
[32m[nodemon] starting `node app.js`[39m
[32m[nodemon] restarting due to changes...[39m
[32m[nodemon] starting `node app.js`[39m
Express server listening on port 3000
[0mOPTIONS /ua/get/geo?map=%5B%5B-3.516397476196289,48.750133788533255%5D,%5B-3.4070491790771484,48.71237277576949%5D%5D [32m204 [0m31.644 ms - -[0m
[0mGET /ua/get/geo?map=%5B%5B-3.516397476196289,48.750133788533255%5D,%5B-3.4070491790771484,48.71237277576949%5D%5D [32m200 [0m171.268 ms - -[0m
[0mOPTIONS /ua/58835d960691ca243fc9e66e [32m204 [0m3.614 ms - -[0m
[0mGET /ua/58835d960691ca243fc9e66e [32m200 [0m43.244 ms - 586[0m
[0mOPTIONS /vote/58835d960691ca243fc9e66e [32m204 [0m1.264 ms - -[0m
[0mGET /vote/58835d960691ca243fc9e66e [32m200 [0m88.732 ms - 22[0m
[0mOPTIONS /user/login/facebook [32m204 [0m1.237 ms - -[0m
[0mPOST /user/login/facebook [32m200 [0m611.771 ms - -[0m
[0mOPTIONS /ua/get/geo?map=%5B%5B-3.516397476196289,48.750133788533255%5D,%5B-3.4070491790771484,48.71237277576949%5D%5D [32m204 [0m1.002 ms - -[0m
[0mGET /static/rjbxlbdv1486050695027.jpg [36m304 [0m44.049 ms - -[0m
[0mGET /ua/get/geo?map=%5B%5B-3.516397476196289,48.750133788533255%5D,%5B-3.4070491790771484,48.71237277576949%5D%5D [36m304 [0m50.990 ms - -[0m
[0mOPTIONS /ua/58835d960691ca243fc9e66e [32m204 [0m0.410 ms - -[0m
[0mGET /ua/58835d960691ca243fc9e66e [36m304 [0m20.352 ms - -[0m
[0mOPTIONS /vote/58835d960691ca243fc9e66e [32m204 [0m0.343 ms - -[0m
[0mGET /vote/58835d960691ca243fc9e66e [36m304 [0m20.458 ms - -[0m
[0mOPTIONS /user/login [32m204 [0m0.573 ms - -[0m
[0mPOST /user/login [32m200 [0m127.514 ms - -[0m
[0mOPTIONS /ua/get/geo?map=%5B%5B-3.516397476196289,48.750133788533255%5D,%5B-3.4070491790771484,48.71237277576949%5D%5D [32m204 [0m0.321 ms - -[0m
[0mGET /static/7bvckfgh1486111227527.jpg [36m304 [0m2.806 ms - -[0m
[0mGET /ua/get/geo?map=%5B%5B-3.516397476196289,48.750133788533255%5D,%5B-3.4070491790771484,48.71237277576949%5D%5D [32m200 [0m50.937 ms - -[0m
[0mOPTIONS /ua/58835d960691ca243fc9e66e [32m204 [0m0.314 ms - -[0m
[0mGET /ua/58835d960691ca243fc9e66e [36m304 [0m10.820 ms - -[0m
[0mOPTIONS /vote/58835d960691ca243fc9e66e [32m204 [0m0.571 ms - -[0m
[0mGET /vote/58835d960691ca243fc9e66e [32m200 [0m49.177 ms - 22[0m
[0mOPTIONS /ua/vote/58835d960691ca243fc9e66e [32m204 [0m0.371 ms - -[0m
[0mPOST /ua/vote/58835d960691ca243fc9e66e [32m200 [0m156.686 ms - 21[0m
[0mGET /static/7bvckfgh1486111227527.jpg [36m304 [0m4.194 ms - -[0m
[0mOPTIONS /ua/get/geo?map=%5B%5B-3.5153675079345703,48.74832281335284%5D,%5B-3.4060192108154297,48.71056044003432%5D%5D [32m204 [0m1.477 ms - -[0m
[0mGET /ua/get/geo?map=%5B%5B-3.5153675079345703,48.74832281335284%5D,%5B-3.4060192108154297,48.71056044003432%5D%5D [32m200 [0m61.672 ms - -[0m
[0mOPTIONS /ua/58835d960691ca243fc9e66e [32m204 [0m0.602 ms - -[0m
[0mGET /ua/58835d960691ca243fc9e66e [32m200 [0m7.583 ms - 586[0m
[0mOPTIONS /vote/58835d960691ca243fc9e66e [32m204 [0m0.563 ms - -[0m
[0mGET /vote/58835d960691ca243fc9e66e [31m500 [0m38.910 ms - 11[0m
[0mOPTIONS /ua/vote/58835d960691ca243fc9e66e [32m204 [0m0.377 ms - -[0m
[0mPOST /ua/vote/58835d960691ca243fc9e66e [32m200 [0m35.675 ms - 613[0m
[0mGET /ua/58835d960691ca243fc9e66e [32m200 [0m8.396 ms - 613[0m
[0mGET /vote/58835d960691ca243fc9e66e [31m500 [0m3.599 ms - 59[0m
[0mOPTIONS /user/login [32m204 [0m0.320 ms - -[0m
[0mPOST /user/login [32m200 [0m128.712 ms - -[0m
[0mOPTIONS /ua/get/geo?map=%5B%5B-3.5153675079345703,48.74832281335284%5D,%5B-3.4060192108154297,48.71056044003432%5D%5D [32m204 [0m0.361 ms - -[0m
[0mGET /static/7bvckfgh1486111227527.jpg [36m304 [0m1.422 ms - -[0m
[0mGET /ua/get/geo?map=%5B%5B-3.5153675079345703,48.74832281335284%5D,%5B-3.4060192108154297,48.71056044003432%5D%5D [32m200 [0m39.584 ms - -[0m
[0mOPTIONS /ua/58835d960691ca243fc9e66e [32m204 [0m0.349 ms - -[0m
[0mGET /ua/58835d960691ca243fc9e66e [36m304 [0m32.740 ms - -[0m
[0mOPTIONS /vote/58835d960691ca243fc9e66e [32m204 [0m0.319 ms - -[0m
[0mGET /vote/58835d960691ca243fc9e66e [32m200 [0m29.760 ms - 22[0m
[0mOPTIONS /user/login/facebook [32m204 [0m0.273 ms - -[0m
[0mPOST /user/login/facebook [32m200 [0m467.220 ms - -[0m
[0mOPTIONS /ua/get/geo?map=%5B%5B-3.5153675079345703,48.74832281335284%5D,%5B-3.4060192108154297,48.71056044003432%5D%5D [32m204 [0m0.345 ms - -[0m
[0mGET /static/rjbxlbdv1486050695027.jpg [36m304 [0m0.929 ms - -[0m
[0mGET /ua/get/geo?map=%5B%5B-3.5153675079345703,48.74832281335284%5D,%5B-3.4060192108154297,48.71056044003432%5D%5D [32m200 [0m69.674 ms - -[0m
[0mOPTIONS /ua/58835d960691ca243fc9e66e [32m204 [0m0.380 ms - -[0m
[0mGET /ua/58835d960691ca243fc9e66e [36m304 [0m9.604 ms - -[0m
[0mOPTIONS /vote/58835d960691ca243fc9e66e [32m204 [0m0.279 ms - -[0m
[0mGET /vote/58835d960691ca243fc9e66e [31m500 [0m10.409 ms - 11[0m
[0mGET /static/rjbxlbdv1486050695027.jpg [36m304 [0m0.882 ms - -[0m
[0mOPTIONS /ua/get/geo?map=%5B%5B-3.487558364868164,48.74832281335284%5D,%5B-3.4337425231933594,48.71056044003432%5D%5D [32m204 [0m0.328 ms - -[0m
[0mGET /ua/get/geo?map=%5B%5B-3.487558364868164,48.74832281335284%5D,%5B-3.4337425231933594,48.71056044003432%5D%5D [32m200 [0m36.699 ms - -[0m
[0mOPTIONS /ua/58835d960691ca243fc9e66e [32m204 [0m0.367 ms - -[0m
[0mGET /ua/58835d960691ca243fc9e66e [36m304 [0m22.815 ms - -[0m
[0mOPTIONS /vote/58835d960691ca243fc9e66e [32m204 [0m0.334 ms - -[0m
[0mGET /vote/58835d960691ca243fc9e66e [31m500 [0m6.457 ms - 11[0m
[32m[nodemon] restarting due to changes...[39m
[32m[nodemon] starting `node app.js`[39m
Express server listening on port 3000
[32m[nodemon] restarting due to changes...[39m
[32m[nodemon] starting `node app.js`[39m
Express server listening on port 3000
[0mGET /static/rjbxlbdv1486050695027.jpg [36m304 [0m102.304 ms - -[0m
[0mOPTIONS /ua/get/geo?map=%5B%5B-3.495540618896484,48.748153031083405%5D,%5B-3.4260177612304688,48.710390530212294%5D%5D [32m204 [0m46.349 ms - -[0m
[0mGET /ua/get/geo?map=%5B%5B-3.495540618896484,48.748153031083405%5D,%5B-3.4260177612304688,48.710390530212294%5D%5D [32m200 [0m468.713 ms - -[0m
[0mOPTIONS /ua/58835d960691ca243fc9e66e [32m204 [0m0.932 ms - -[0m
[0mGET /ua/58835d960691ca243fc9e66e [36m304 [0m47.874 ms - -[0m
[0mOPTIONS /vote/58835d960691ca243fc9e66e [32m204 [0m1.128 ms - -[0m
[0mGET /vote/58835d960691ca243fc9e66e [31m500 [0m100.582 ms - 11[0m
[32m[nodemon] restarting due to changes...[39m
[32m[nodemon] starting `node app.js`[39m
[31m[nodemon] app crashed - waiting for file changes before starting...[39m
[32m[nodemon] restarting due to changes...[39m
[32m[nodemon] starting `node app.js`[39m
[31m[nodemon] app crashed - waiting for file changes before starting...[39m
[32m[nodemon] restarting due to changes...[39m
[32m[nodemon] starting `node app.js`[39m
Express server listening on port 3000
[32m[nodemon] restarting due to changes...[39m
[32m[nodemon] starting `node app.js`[39m
[31m[nodemon] app crashed - waiting for file changes before starting...[39m
[32m[nodemon] restarting due to changes...[39m
[32m[nodemon] starting `node app.js`[39m
[31m[nodemon] app crashed - waiting for file changes before starting...[39m
[32m[nodemon] restarting due to changes...[39m
[32m[nodemon] starting `node app.js`[39m
[31m[nodemon] app crashed - waiting for file changes before starting...[39m
[32m[nodemon] restarting due to changes...[39m
[32m[nodemon] starting `node app.js`[39m
[31m[nodemon] app crashed - waiting for file changes before starting...[39m
